TN:
SF:src/app.ts
FN:25,(anonymous_1)
FN:33,(anonymous_2)
FN:43,(anonymous_3)
FN:57,(anonymous_4)
FN:66,(anonymous_5)
FNF:5
FNH:0
FNDA:0,(anonymous_1)
FNDA:0,(anonymous_2)
FNDA:0,(anonymous_3)
FNDA:0,(anonymous_4)
FNDA:0,(anonymous_5)
DA:1,0
DA:2,0
DA:3,0
DA:4,0
DA:5,0
DA:6,0
DA:25,0
DA:26,0
DA:29,0
DA:35,0
DA:36,0
DA:37,0
DA:40,0
DA:43,0
DA:50,0
DA:51,0
DA:57,0
DA:58,0
DA:66,0
DA:67,0
DA:74,0
DA:80,0
DA:82,0
DA:85,0
LF:24
LH:0
BRDA:36,0,0,0
BRDA:61,1,0,0
BRDA:61,1,1,0
BRF:3
BRH:0
end_of_record
TN:
SF:src/api/middleware/errorHandler.ts
FN:15,(anonymous_0)
FNF:1
FNH:0
FNDA:0,(anonymous_0)
DA:2,0
DA:15,0
DA:22,0
DA:25,0
DA:26,0
DA:35,0
DA:42,0
DA:43,0
DA:44,0
DA:48,0
DA:50,0
DA:53,0
LF:12
LH:0
BRDA:22,0,0,0
BRDA:22,0,1,0
BRDA:25,1,0,0
BRDA:25,1,1,0
BRDA:26,2,0,0
BRDA:26,2,1,0
BRDA:38,3,0,0
BRDA:38,3,1,0
BRDA:42,4,0,0
BRDA:48,5,0,0
BRF:10
BRH:0
end_of_record
TN:
SF:src/infrastructure/config/env.ts
FN:53,(anonymous_1)
FN:55,(anonymous_2)
FNF:2
FNH:2
FNDA:5,(anonymous_1)
FNDA:10,(anonymous_2)
DA:1,5
DA:2,5
DA:5,5
DA:53,5
DA:54,5
DA:55,10
DA:57,5
DA:58,0
DA:65,5
DA:101,5
LF:10
LH:9
BRDA:57,0,0,0
BRDA:71,1,0,5
BRDA:71,1,1,0
BRDA:78,2,0,5
BRDA:78,2,1,0
BRF:5
BRH:2
end_of_record
TN:
SF:src/infrastructure/config/logger.ts
FN:15,(anonymous_1)
FNF:1
FNH:1
FNDA:30,(anonymous_1)
DA:1,5
DA:2,5
DA:12,5
DA:16,30
LF:4
LH:4
BRDA:13,0,0,0
BRDA:13,0,1,5
BRF:2
BRH:1
end_of_record
TN:
SF:src/infrastructure/database/connection.ts
FN:20,(anonymous_1)
FNF:1
FNH:0
FNDA:0,(anonymous_1)
DA:1,0
DA:2,0
DA:8,0
DA:14,0
DA:20,0
DA:21,0
DA:24,0
LF:7
LH:0
BRDA:8,0,0,0
BRDA:8,0,1,0
BRF:2
BRH:0
end_of_record
TN:
SF:src/infrastructure/database/migrations/20260130000001_create_patients_table.ts
FN:7,up
FN:8,(anonymous_1)
FN:25,down
FNF:3
FNH:0
FNDA:0,up
FNDA:0,(anonymous_1)
FNDA:0,down
DA:7,0
DA:8,0
DA:9,0
DA:10,0
DA:11,0
DA:12,0
DA:13,0
DA:14,0
DA:17,0
DA:18,0
DA:25,0
DA:26,0
LF:12
LH:0
BRF:0
BRH:0
end_of_record
TN:
SF:src/infrastructure/database/migrations/20260130000002_create_appointments_table.ts
FN:7,up
FN:8,(anonymous_1)
FN:35,down
FNF:3
FNH:0
FNDA:0,up
FNDA:0,(anonymous_1)
FNDA:0,down
DA:7,0
DA:8,0
DA:9,0
DA:10,0
DA:17,0
DA:18,0
DA:22,0
DA:23,0
DA:26,0
DA:27,0
DA:28,0
DA:35,0
DA:36,0
LF:13
LH:0
BRF:0
BRH:0
end_of_record
TN:
SF:src/infrastructure/database/migrations/20260130000003_create_audit_logs_table.ts
FN:7,up
FN:8,(anonymous_1)
FN:31,down
FNF:3
FNH:0
FNDA:0,up
FNDA:0,(anonymous_1)
FNDA:0,down
DA:7,0
DA:8,0
DA:9,0
DA:10,0
DA:17,0
DA:18,0
DA:19,0
DA:22,0
DA:23,0
DA:24,0
DA:31,0
DA:32,0
LF:12
LH:0
BRF:0
BRH:0
end_of_record
TN:
SF:src/infrastructure/database/migrations/20260130000004_create_escalations_table.ts
FN:7,up
FN:8,(anonymous_1)
FN:33,down
FNF:3
FNH:0
FNDA:0,up
FNDA:0,(anonymous_1)
FNDA:0,down
DA:7,0
DA:8,0
DA:9,0
DA:10,0
DA:17,0
DA:18,0
DA:19,0
DA:20,0
DA:21,0
DA:24,0
DA:25,0
DA:26,0
DA:33,0
DA:34,0
LF:14
LH:0
BRF:0
BRH:0
end_of_record
TN:
SF:src/infrastructure/database/migrations/20260130000005_create_notifications_sent_table.ts
FN:7,up
FN:8,(anonymous_1)
FN:33,down
FNF:3
FNH:0
FNDA:0,up
FNDA:0,(anonymous_1)
FNDA:0,down
DA:7,0
DA:8,0
DA:9,0
DA:10,0
DA:17,0
DA:18,0
DA:21,0
DA:22,0
DA:23,0
DA:26,0
DA:33,0
DA:34,0
LF:12
LH:0
BRF:0
BRH:0
end_of_record
TN:
SF:src/infrastructure/queue/connection.ts
FN:24,(anonymous_0)
FNF:1
FNH:1
FNDA:3,(anonymous_0)
DA:2,4
DA:3,4
DA:18,4
DA:26,3
DA:27,3
DA:28,3
DA:32,4
LF:7
LH:7
BRDA:19,0,0,4
BRDA:19,0,1,0
BRDA:20,1,0,4
BRDA:20,1,1,0
BRF:4
BRH:2
end_of_record
TN:
SF:src/infrastructure/queue/index.ts
FN:56,shutdown
FNF:1
FNH:1
FNDA:4,shutdown
DA:32,1
DA:33,1
DA:34,1
DA:35,1
DA:37,1
DA:38,1
DA:39,1
DA:56,1
DA:57,4
DA:59,4
DA:61,4
DA:64,3
DA:66,2
DA:68,2
DA:74,2
LF:15
LH:15
BRDA:56,0,0,3
BRF:1
BRH:1
end_of_record
TN:
SF:src/infrastructure/queue/queue.service.ts
FN:33,(anonymous_0)
FN:56,(anonymous_1)
FN:90,(anonymous_2)
FN:102,(anonymous_3)
FNF:4
FNH:4
FNDA:10,(anonymous_0)
FNDA:4,(anonymous_1)
FNDA:1,(anonymous_2)
FNDA:1,(anonymous_3)
DA:1,1
DA:2,1
DA:3,1
DA:28,1
DA:34,10
DA:57,4
DA:58,4
DA:62,3
DA:71,1
DA:79,1
DA:91,1
DA:92,1
DA:103,1
DA:111,1
LF:14
LH:14
BRF:0
BRH:0
end_of_record
TN:
SF:src/infrastructure/queue/queues.ts
FN:35,createQueue
FN:82,initializeQueues
FN:110,closeQueues
FNF:3
FNH:3
FNDA:20,createQueue
FNDA:5,initializeQueues
FNDA:2,closeQueues
DA:1,1
DA:2,1
DA:3,1
DA:4,1
DA:36,20
DA:38,20
DA:56,20
DA:68,20
DA:82,1
DA:83,5
DA:94,1
DA:110,1
DA:111,2
DA:113,2
DA:120,1
LF:15
LH:15
BRF:0
BRH:0
end_of_record
TN:
SF:src/infrastructure/queue/types.ts
FNF:0
FNH:0
DA:13,5
DA:133,5
LF:2
LH:2
BRF:0
BRH:0
end_of_record
TN:
SF:src/infrastructure/queue/workers.ts
FN:42,defaultProcessor
FN:72,createWorker
FN:77,(anonymous_2)
FN:127,(anonymous_3)
FN:137,(anonymous_4)
FN:149,(anonymous_5)
FN:194,registerWorkers
FN:236,closeWorkers
FN:253,(anonymous_8)
FN:254,(anonymous_9)
FN:255,(anonymous_10)
FN:271,(anonymous_11)
FN:282,getActiveWorkers
FNF:13
FNH:7
FNDA:0,defaultProcessor
FNDA:44,createWorker
FNDA:2,(anonymous_2)
FNDA:0,(anonymous_3)
FNDA:0,(anonymous_4)
FNDA:0,(anonymous_5)
FNDA:11,registerWorkers
FNDA:16,closeWorkers
FNDA:44,(anonymous_8)
FNDA:11,(anonymous_9)
FNDA:0,(anonymous_10)
FNDA:0,(anonymous_11)
FNDA:5,getActiveWorkers
DA:1,1
DA:2,1
DA:3,1
DA:4,1
DA:34,1
DA:43,0
DA:51,0
DA:73,44
DA:75,44
DA:78,2
DA:80,2
DA:81,2
DA:90,2
DA:92,1
DA:93,1
DA:102,1
DA:103,1
DA:113,1
DA:127,44
DA:128,0
DA:137,44
DA:138,0
DA:149,44
DA:150,0
DA:159,44
DA:167,44
DA:194,1
DA:195,11
DA:197,11
DA:216,11
DA:218,11
DA:236,1
DA:237,16
DA:238,5
DA:239,5
DA:242,11
DA:250,11
DA:252,11
DA:253,44
DA:255,11
DA:259,11
DA:260,11
DA:262,0
DA:271,0
DA:272,0
DA:282,1
DA:283,5
LF:47
LH:39
BRDA:200,0,0,11
BRDA:200,0,1,0
BRDA:204,1,0,11
BRDA:204,1,1,11
BRDA:208,2,0,11
BRDA:208,2,1,11
BRDA:212,3,0,11
BRDA:212,3,1,11
BRDA:236,4,0,16
BRDA:237,5,0,5
BRF:10
BRH:9
end_of_record
TN:
SF:src/modules/appointments/appointment.repository.ts
FN:41,mapToEntity
FN:61,(anonymous_2)
FN:71,(anonymous_3)
FN:94,(anonymous_4)
FN:113,(anonymous_5)
FN:134,(anonymous_6)
FN:164,(anonymous_7)
FN:192,(anonymous_8)
FN:230,(anonymous_9)
FNF:9
FNH:0
FNDA:0,mapToEntity
FNDA:0,(anonymous_2)
FNDA:0,(anonymous_3)
FNDA:0,(anonymous_4)
FNDA:0,(anonymous_5)
FNDA:0,(anonymous_6)
FNDA:0,(anonymous_7)
FNDA:0,(anonymous_8)
FNDA:0,(anonymous_9)
DA:10,0
DA:16,0
DA:17,0
DA:19,0
DA:42,0
DA:58,0
DA:62,0
DA:72,0
DA:74,0
DA:82,0
DA:83,0
DA:85,0
DA:95,0
DA:97,0
DA:99,0
DA:100,0
DA:101,0
DA:104,0
DA:114,0
DA:116,0
DA:120,0
DA:122,0
DA:135,0
DA:140,0
DA:146,0
DA:147,0
DA:148,0
DA:151,0
DA:152,0
DA:165,0
DA:167,0
DA:168,0
DA:170,0
DA:171,0
DA:173,0
DA:179,0
DA:181,0
DA:193,0
DA:195,0
DA:197,0
DA:198,0
DA:201,0
DA:202,0
DA:206,0
DA:208,0
DA:213,0
DA:214,0
DA:215,0
DA:218,0
DA:219,0
DA:221,0
DA:231,0
DA:233,0
DA:238,0
DA:243,0
LF:55
LH:0
BRDA:61,0,0,0
BRDA:99,1,0,0
BRDA:146,2,0,0
BRDA:197,3,0,0
BRDA:201,4,0,0
BRDA:213,5,0,0
BRF:6
BRH:0
end_of_record
TN:
SF:src/modules/appointments/appointment.service.ts
FN:53,(anonymous_1)
FN:69,(anonymous_2)
FN:84,(anonymous_3)
FN:85,(anonymous_4)
FN:109,(anonymous_5)
FN:168,(anonymous_6)
FN:233,(anonymous_7)
FN:285,(anonymous_8)
FN:331,(anonymous_9)
FN:341,(anonymous_10)
FN:355,(anonymous_11)
FNF:11
FNH:0
FNDA:0,(anonymous_1)
FNDA:0,(anonymous_2)
FNDA:0,(anonymous_3)
FNDA:0,(anonymous_4)
FNDA:0,(anonymous_5)
FNDA:0,(anonymous_6)
FNDA:0,(anonymous_7)
FNDA:0,(anonymous_8)
FNDA:0,(anonymous_9)
FNDA:0,(anonymous_10)
FNDA:0,(anonymous_11)
DA:11,0
DA:21,0
DA:22,0
DA:23,0
DA:24,0
DA:26,0
DA:27,0
DA:32,0
DA:48,0
DA:58,0
DA:59,0
DA:60,0
DA:70,0
DA:73,0
DA:75,0
DA:76,0
DA:77,0
DA:81,0
DA:84,0
DA:85,0
DA:86,0
DA:90,0
DA:92,0
DA:95,0
DA:100,0
DA:110,0
DA:116,0
DA:121,0
DA:122,0
DA:130,0
DA:132,0
DA:133,0
DA:140,0
DA:142,0
DA:143,0
DA:147,0
DA:150,0
DA:156,0
DA:158,0
DA:169,0
DA:172,0
DA:174,0
DA:175,0
DA:179,0
DA:186,0
DA:190,0
DA:195,0
DA:196,0
DA:203,0
DA:205,0
DA:206,0
DA:210,0
DA:215,0
DA:221,0
DA:223,0
DA:234,0
DA:237,0
DA:239,0
DA:240,0
DA:244,0
DA:251,0
DA:258,0
DA:259,0
DA:260,0
DA:264,0
DA:269,0
DA:275,0
DA:289,0
DA:292,0
DA:294,0
DA:295,0
DA:299,0
DA:301,0
DA:302,0
DA:309,0
DA:314,0
DA:320,0
DA:322,0
DA:332,0
DA:342,0
DA:360,0
DA:361,0
DA:368,0
DA:370,0
DA:377,0
LF:85
LH:0
BRDA:54,0,0,0
BRDA:55,1,0,0
BRDA:56,2,0,0
BRDA:75,3,0,0
BRDA:121,4,0,0
BRDA:132,5,0,0
BRDA:142,6,0,0
BRDA:174,7,0,0
BRDA:179,8,0,0
BRDA:195,9,0,0
BRDA:205,10,0,0
BRDA:205,11,0,0
BRDA:205,11,1,0
BRDA:239,12,0,0
BRDA:244,13,0,0
BRDA:258,14,0,0
BRDA:294,15,0,0
BRDA:301,16,0,0
BRF:18
BRH:0
end_of_record
TN:
SF:src/modules/appointments/types/appointment.types.ts
FN:21,(anonymous_0)
FNF:1
FNH:0
FNDA:0,(anonymous_0)
DA:21,0
DA:22,0
DA:23,0
DA:24,0
DA:25,0
DA:26,0
DA:99,0
LF:7
LH:0
BRDA:21,0,0,0
BRDA:21,0,1,0
BRF:2
BRH:0
end_of_record
TN:
SF:src/modules/appointments/validators/availability.validator.ts
FN:49,generateTimeSlots
FN:98,isToday
FN:127,isValidTimeSlot
FN:193,doSlotsOverlap
FN:215,areSlotsEqual
FNF:5
FNH:0
FNDA:0,generateTimeSlots
FNDA:0,isToday
FNDA:0,isValidTimeSlot
FNDA:0,doSlotsOverlap
FNDA:0,areSlotsEqual
DA:8,0
DA:18,0
DA:19,0
DA:20,0
DA:49,0
DA:51,0
DA:54,0
DA:55,0
DA:58,0
DA:59,0
DA:63,0
DA:64,0
DA:66,0
DA:67,0
DA:71,0
DA:72,0
DA:73,0
DA:77,0
DA:78,0
DA:80,0
DA:81,0
DA:84,0
DA:85,0
DA:89,0
DA:99,0
DA:100,0
DA:127,0
DA:128,0
DA:131,0
DA:132,0
DA:136,0
DA:137,0
DA:141,0
DA:142,0
DA:146,0
DA:147,0
DA:149,0
DA:150,0
DA:154,0
DA:155,0
DA:157,0
DA:158,0
DA:162,0
DA:167,0
DA:170,0
DA:193,0
DA:194,0
DA:215,0
DA:216,0
LF:49
LH:0
BRDA:54,0,0,0
BRDA:58,1,0,0
BRDA:66,2,0,0
BRDA:66,3,0,0
BRDA:66,3,1,0
BRDA:84,4,0,0
BRDA:101,5,0,0
BRDA:101,5,1,0
BRDA:101,5,2,0
BRDA:131,6,0,0
BRDA:136,7,0,0
BRDA:141,8,0,0
BRDA:149,9,0,0
BRDA:149,10,0,0
BRDA:149,10,1,0
BRDA:157,11,0,0
BRDA:162,12,0,0
BRDA:163,13,0,0
BRDA:163,13,1,0
BRDA:163,13,2,0
BRDA:194,14,0,0
BRDA:194,14,1,0
BRDA:217,15,0,0
BRDA:217,15,1,0
BRF:24
BRH:0
end_of_record
TN:
SF:src/modules/appointments/validators/cancellation.validator.ts
FN:36,canCancelAppointment
FN:54,getHoursUntilAppointment
FN:74,getCancellationErrorMessage
FNF:3
FNH:0
FNDA:0,canCancelAppointment
FNDA:0,getHoursUntilAppointment
FNDA:0,getCancellationErrorMessage
DA:7,0
DA:15,0
DA:36,0
DA:37,0
DA:54,0
DA:55,0
DA:56,0
DA:57,0
DA:58,0
DA:74,0
DA:75,0
DA:76,0
LF:12
LH:0
BRF:0
BRH:0
end_of_record
TN:
SF:src/modules/patients/patient.repository.ts
FN:24,(anonymous_1)
FN:34,(anonymous_2)
FN:45,(anonymous_3)
FN:56,(anonymous_4)
FN:68,(anonymous_5)
FNF:5
FNH:0
FNDA:0,(anonymous_1)
FNDA:0,(anonymous_2)
FNDA:0,(anonymous_3)
FNDA:0,(anonymous_4)
FNDA:0,(anonymous_5)
DA:8,0
DA:16,0
DA:21,0
DA:25,0
DA:35,0
DA:36,0
DA:46,0
DA:47,0
DA:57,0
DA:58,0
DA:69,0
DA:70,0
DA:75,0
LF:13
LH:0
BRDA:25,0,0,0
BRDA:25,0,1,0
BRDA:47,1,0,0
BRDA:47,1,1,0
BRDA:58,2,0,0
BRDA:58,2,1,0
BRF:6
BRH:0
end_of_record
TN:
SF:src/modules/patients/patient.service.ts
FN:22,(anonymous_1)
FN:36,(anonymous_2)
FN:81,(anonymous_3)
FN:100,(anonymous_4)
FN:120,(anonymous_5)
FN:146,(anonymous_6)
FNF:6
FNH:0
FNDA:0,(anonymous_1)
FNDA:0,(anonymous_2)
FNDA:0,(anonymous_3)
FNDA:0,(anonymous_4)
FNDA:0,(anonymous_5)
FNDA:0,(anonymous_6)
DA:9,0
DA:10,0
DA:11,0
DA:12,0
DA:13,0
DA:19,0
DA:23,0
DA:26,0
DA:38,0
DA:39,0
DA:40,0
DA:44,0
DA:47,0
DA:48,0
DA:49,0
DA:50,0
DA:54,0
DA:60,0
DA:63,0
DA:70,0
DA:72,0
DA:82,0
DA:84,0
DA:85,0
DA:87,0
DA:90,0
DA:101,0
DA:103,0
DA:104,0
DA:105,0
DA:108,0
DA:109,0
DA:121,0
DA:122,0
DA:123,0
DA:124,0
DA:127,0
DA:130,0
DA:134,0
DA:136,0
DA:151,0
DA:152,0
DA:158,0
DA:164,0
DA:170,0
LF:45
LH:0
BRDA:26,0,0,0
BRDA:26,0,1,0
BRDA:38,1,0,0
BRDA:48,2,0,0
BRDA:57,3,0,0
BRDA:57,3,1,0
BRDA:84,4,0,0
BRDA:84,4,1,0
BRDA:103,5,0,0
BRDA:122,6,0,0
BRF:10
BRH:0
end_of_record
TN:
SF:src/modules/whatsapp/clients/whatsapp-cloud-api.client.ts
FN:55,(anonymous_1)
FN:65,(anonymous_2)
FN:94,(anonymous_3)
FN:190,(anonymous_4)
FN:218,(anonymous_5)
FN:232,(anonymous_6)
FN:293,(anonymous_7)
FN:294,(anonymous_8)
FNF:8
FNH:0
FNDA:0,(anonymous_1)
FNDA:0,(anonymous_2)
FNDA:0,(anonymous_3)
FNDA:0,(anonymous_4)
FNDA:0,(anonymous_5)
FNDA:0,(anonymous_6)
FNDA:0,(anonymous_7)
FNDA:0,(anonymous_8)
DA:1,0
DA:2,0
DA:3,0
DA:4,0
DA:47,0
DA:56,0
DA:66,0
DA:68,0
DA:95,0
DA:97,0
DA:108,0
DA:109,0
DA:110,0
DA:112,0
DA:121,0
DA:123,0
DA:124,0
DA:126,0
DA:138,0
DA:141,0
DA:142,0
DA:146,0
DA:147,0
DA:152,0
DA:154,0
DA:164,0
DA:169,0
DA:191,0
DA:192,0
DA:196,0
DA:197,0
DA:200,0
DA:203,0
DA:204,0
DA:208,0
DA:219,0
DA:220,0
DA:222,0
DA:233,0
DA:234,0
DA:235,0
DA:239,0
DA:240,0
DA:241,0
DA:248,0
DA:252,0
DA:253,0
DA:255,0
DA:256,0
DA:266,0
DA:275,0
DA:283,0
DA:294,0
DA:302,0
LF:54
LH:0
BRDA:56,0,0,0
BRDA:56,0,1,0
BRDA:128,1,0,0
BRDA:128,1,1,0
BRDA:138,2,0,0
BRDA:138,2,1,0
BRDA:141,3,0,0
BRDA:146,4,0,0
BRDA:191,5,0,0
BRDA:196,6,0,0
BRDA:203,7,0,0
BRDA:203,8,0,0
BRDA:203,8,1,0
BRDA:203,8,2,0
BRDA:219,9,0,0
BRDA:219,10,0,0
BRDA:219,10,1,0
BRDA:233,11,0,0
BRDA:239,12,0,0
BRDA:240,13,0,0
BRDA:240,13,1,0
BRDA:255,14,0,0
BRF:22
BRH:0
end_of_record
TN:
SF:src/modules/whatsapp/config/whatsapp.config.ts
FN:79,(anonymous_0)
FNF:1
FNH:0
FNDA:0,(anonymous_0)
DA:1,0
DA:2,0
DA:79,0
DA:80,0
DA:83,0
DA:84,0
DA:85,0
DA:92,0
DA:93,0
DA:101,0
DA:123,0
LF:11
LH:0
BRDA:83,0,0,0
BRDA:84,1,0,0
BRDA:92,2,0,0
BRDA:102,3,0,0
BRDA:102,3,1,0
BRDA:103,4,0,0
BRDA:103,4,1,0
BRF:7
BRH:0
end_of_record
TN:
SF:src/modules/whatsapp/middleware/signature-validation.middleware.ts
FN:46,(anonymous_0)
FN:191,(anonymous_1)
FNF:2
FNH:0
FNDA:0,(anonymous_0)
FNDA:0,(anonymous_1)
DA:2,0
DA:3,0
DA:4,0
DA:5,0
DA:46,0
DA:51,0
DA:53,0
DA:54,0
DA:55,0
DA:62,0
DA:66,0
DA:67,0
DA:68,0
DA:72,0
DA:73,0
DA:74,0
DA:81,0
DA:85,0
DA:88,0
DA:89,0
DA:96,0
DA:100,0
DA:103,0
DA:104,0
DA:105,0
DA:111,0
DA:115,0
DA:118,0
DA:119,0
DA:122,0
DA:123,0
DA:131,0
DA:135,0
DA:137,0
DA:138,0
DA:145,0
DA:149,0
DA:155,0
DA:158,0
DA:159,0
DA:162,0
DA:169,0
DA:191,0
DA:192,0
LF:44
LH:0
BRDA:54,0,0,0
BRDA:67,1,0,0
BRDA:73,2,0,0
BRDA:85,3,0,0
BRDA:85,3,1,0
BRDA:88,4,0,0
BRDA:104,5,0,0
BRDA:122,6,0,0
BRDA:137,7,0,0
BRDA:158,8,0,0
BRDA:158,8,1,0
BRF:11
BRH:0
end_of_record
TN:
SF:src/modules/whatsapp/routes/webhook.routes.ts
FN:46,(anonymous_1)
FN:155,(anonymous_2)
FNF:2
FNH:0
FNDA:0,(anonymous_1)
FNDA:0,(anonymous_2)
DA:1,0
DA:2,0
DA:3,0
DA:4,0
DA:5,0
DA:6,0
DA:11,0
DA:24,0
DA:46,0
DA:47,0
DA:48,0
DA:56,0
DA:57,0
DA:58,0
DA:61,0
DA:62,0
DA:71,0
DA:75,0
DA:76,0
DA:83,0
DA:87,0
DA:88,0
DA:89,0
DA:95,0
DA:98,0
DA:99,0
DA:106,0
DA:110,0
DA:117,0
DA:119,0
DA:147,0
DA:156,0
DA:157,0
DA:166,0
DA:169,0
DA:170,0
DA:178,0
DA:182,0
DA:185,0
DA:187,0
LF:40
LH:0
BRDA:61,0,0,0
BRDA:61,1,0,0
BRDA:61,1,1,0
BRDA:61,1,2,0
BRDA:75,2,0,0
BRDA:88,3,0,0
BRDA:98,4,0,0
BRDA:169,5,0,0
BRDA:169,6,0,0
BRDA:169,6,1,0
BRF:10
BRH:0
end_of_record
TN:
SF:src/modules/whatsapp/services/message-sender.service.ts
FN:61,(anonymous_0)
FN:99,(anonymous_1)
FN:211,(anonymous_2)
FNF:3
FNH:0
FNDA:0,(anonymous_0)
FNDA:0,(anonymous_1)
FNDA:0,(anonymous_2)
DA:1,0
DA:2,0
DA:3,0
DA:4,0
DA:5,0
DA:9,0
DA:55,0
DA:61,0
DA:101,0
DA:105,0
DA:106,0
DA:108,0
DA:115,0
DA:119,0
DA:120,0
DA:129,0
DA:137,0
DA:138,0
DA:147,0
DA:149,0
DA:158,0
DA:164,0
DA:173,0
DA:174,0
DA:182,0
DA:183,0
DA:191,0
DA:212,0
DA:213,0
DA:216,0
DA:218,0
DA:219,0
DA:222,0
DA:223,0
DA:235,0
LF:35
LH:0
BRDA:61,0,0,0
BRDA:111,1,0,0
BRDA:111,1,1,0
BRDA:119,2,0,0
BRDA:167,3,0,0
BRDA:167,3,1,0
BRDA:173,4,0,0
BRDA:182,5,0,0
BRDA:212,6,0,0
BRDA:212,7,0,0
BRDA:212,7,1,0
BRDA:212,7,2,0
BRDA:218,8,0,0
BRDA:222,9,0,0
BRF:14
BRH:0
end_of_record
TN:
SF:src/modules/whatsapp/services/webhook-handler.service.ts
FN:76,(anonymous_0)
FN:165,(anonymous_1)
FNF:2
FNH:0
FNDA:0,(anonymous_0)
FNDA:0,(anonymous_1)
DA:1,0
DA:2,0
DA:3,0
DA:39,0
DA:77,0
DA:87,0
DA:88,0
DA:95,0
DA:99,0
DA:100,0
DA:101,0
DA:108,0
DA:112,0
DA:114,0
DA:115,0
DA:122,0
DA:125,0
DA:128,0
DA:129,0
DA:139,0
DA:140,0
DA:143,0
DA:146,0
DA:147,0
DA:170,0
DA:181,0
DA:182,0
DA:190,0
DA:194,0
DA:195,0
DA:202,0
DA:206,0
DA:209,0
DA:219,0
DA:220,0
DA:222,0
DA:232,0
DA:240,0
DA:249,0
LF:39
LH:0
BRDA:81,0,0,0
BRDA:81,0,1,0
BRDA:87,1,0,0
BRDA:87,2,0,0
BRDA:87,2,1,0
BRDA:100,3,0,0
BRDA:100,4,0,0
BRDA:100,4,1,0
BRDA:114,5,0,0
BRDA:128,6,0,0
BRDA:128,7,0,0
BRDA:128,7,1,0
BRDA:139,8,0,0
BRDA:139,9,0,0
BRDA:139,9,1,0
BRDA:181,10,0,0
BRDA:194,11,0,0
BRDA:194,12,0,0
BRDA:194,12,1,0
BRF:19
BRH:0
end_of_record
TN:
SF:src/modules/whatsapp/types/message-job.interface.ts
FNF:0
FNH:0
DA:9,0
DA:23,0
LF:2
LH:0
BRF:0
BRH:0
end_of_record
TN:
SF:src/modules/whatsapp/utils/phone-formatter.ts
FN:25,formatPhoneToE164
FN:87,isValidBrazilianMobile
FNF:2
FNH:0
FNDA:0,formatPhoneToE164
FNDA:0,isValidBrazilianMobile
DA:1,0
DA:25,0
DA:26,0
DA:27,0
DA:31,0
DA:34,0
DA:37,0
DA:38,0
DA:39,0
DA:43,0
DA:44,0
DA:45,0
DA:51,0
DA:52,0
DA:54,0
DA:55,0
DA:58,0
DA:59,0
DA:65,0
DA:67,0
DA:87,0
DA:88,0
DA:89,0
DA:90,0
DA:92,0
LF:25
LH:0
BRDA:26,0,0,0
BRDA:26,1,0,0
BRDA:26,1,1,0
BRDA:34,2,0,0
BRDA:34,2,1,0
BRDA:38,3,0,0
BRDA:38,4,0,0
BRDA:38,4,1,0
BRDA:44,5,0,0
BRDA:44,6,0,0
BRDA:44,6,1,0
BRDA:52,7,0,0
BRDA:52,7,1,0
BRDA:52,8,0,0
BRDA:52,8,1,0
BRDA:58,9,0,0
BRDA:58,10,0,0
BRDA:58,10,1,0
BRF:18
BRH:0
end_of_record
TN:
SF:src/shared/errors/AppError.ts
FN:12,(anonymous_0)
FNF:1
FNH:0
FNDA:0,(anonymous_0)
DA:8,5
DA:13,0
DA:16,0
DA:17,0
DA:20,0
DA:21,0
DA:24,0
DA:27,0
LF:8
LH:1
BRDA:12,0,0,0
BRDA:12,1,0,0
BRDA:16,2,0,0
BRF:3
BRH:0
end_of_record
TN:
SF:src/shared/errors/WhatsAppApiError.ts
FN:42,(anonymous_0)
FN:65,(anonymous_1)
FNF:2
FNH:0
FNDA:0,(anonymous_0)
FNDA:0,(anonymous_1)
DA:1,0
DA:22,0
DA:49,0
DA:50,0
DA:51,0
DA:54,0
DA:57,0
DA:72,0
LF:8
LH:0
BRDA:47,0,0,0
BRF:1
BRH:0
end_of_record
TN:
SF:src/shared/validators/cpf.validator.ts
FN:27,normalizeCpf
FN:38,calculateChecksum
FN:53,isValidCpf
FNF:3
FNH:0
FNDA:0,normalizeCpf
FNDA:0,calculateChecksum
FNDA:0,isValidCpf
DA:8,0
DA:27,0
DA:28,0
DA:39,0
DA:40,0
DA:41,0
DA:43,0
DA:44,0
DA:53,0
DA:55,0
DA:56,0
DA:60,0
DA:63,0
DA:64,0
DA:68,0
DA:69,0
DA:73,0
DA:74,0
DA:78,0
DA:79,0
DA:80,0
DA:84,0
DA:85,0
DA:86,0
DA:89,0
LF:25
LH:0
BRDA:44,0,0,0
BRDA:44,0,1,0
BRDA:55,1,0,0
BRDA:55,2,0,0
BRDA:55,2,1,0
BRDA:63,3,0,0
BRDA:68,4,0,0
BRDA:73,5,0,0
BRDA:79,6,0,0
BRDA:85,7,0,0
BRF:10
BRH:0
end_of_record
TN:
SF:src/shared/validators/date.validator.ts
FN:30,calculateEaster
FN:55,calculateCarnaval
FN:68,calculateGoodFriday
FN:89,isBrazilianHoliday
FN:96,(anonymous_4)
FN:121,isSaturday
FN:135,isPastDate
FN:154,isWithinHours
FN:170,normalizeDate
FN:187,isSameDay
FNF:10
FNH:0
FNDA:0,calculateEaster
FNDA:0,calculateCarnaval
FNDA:0,calculateGoodFriday
FNDA:0,isBrazilianHoliday
FNDA:0,(anonymous_4)
FNDA:0,isSaturday
FNDA:0,isPastDate
FNDA:0,isWithinHours
FNDA:0,normalizeDate
FNDA:0,isSameDay
DA:16,0
DA:31,0
DA:32,0
DA:33,0
DA:34,0
DA:35,0
DA:36,0
DA:37,0
DA:38,0
DA:39,0
DA:40,0
DA:41,0
DA:42,0
DA:43,0
DA:44,0
DA:46,0
DA:56,0
DA:57,0
DA:58,0
DA:59,0
DA:69,0
DA:70,0
DA:71,0
DA:72,0
DA:89,0
DA:90,0
DA:91,0
DA:92,0
DA:95,0
DA:96,0
DA:99,0
DA:100,0
DA:104,0
DA:105,0
DA:107,0
DA:108,0
DA:121,0
DA:122,0
DA:135,0
DA:136,0
DA:154,0
DA:155,0
DA:156,0
DA:157,0
DA:158,0
DA:170,0
DA:171,0
DA:172,0
DA:173,0
DA:187,0
DA:188,0
LF:51
LH:0
BRDA:96,0,0,0
BRDA:96,0,1,0
BRDA:99,1,0,0
BRDA:108,2,0,0
BRDA:108,2,1,0
BRDA:189,3,0,0
BRDA:189,3,1,0
BRDA:189,3,2,0
BRF:8
BRH:0
end_of_record
